-------------------------------------------------------------------------------
Test set: com.mycompany.ejertestparam.NumeroPrimoTest
-------------------------------------------------------------------------------
Tests run: 1, Failures: 0, Errors: 1, Skipped: 0, Time elapsed: 0.441 sec <<< FAILURE! - in com.mycompany.ejertestparam.NumeroPrimoTest
initializationError(com.mycompany.ejertestparam.NumeroPrimoTest)  Time elapsed: 0.029 sec  <<< ERROR!
java.lang.Exception: No runnable methods

